monster_fm=ラジオ モンスター
fm_poco=FMポコ
fm_iwanuma=エフエムいわぬま
tome_fm=H@!FM 
fm_kitakata=エフエムきたかた
fm_blue=FMブルー湘南
kamakura_fm=鎌倉FM
fm_tyappi=FMチャッピー
fm_urayasu=FMうらやす
fm_kouhu=エフエム甲府
fn_ncv=エフエムNCV
fm_takasaki=ラジオ高崎
fm_taro=エフエム太郎
fm_edogawa=FMえどがわ
fm_haro=FM Haro!
fm_pipi=FMPiPi
pitch_fm=Pitch FM83.8
fm_shibata=エフエムしばた
fm_nagoka=エフエムながおか
iida_fm=いいだエフエム
fm_ikaru=FMいかる
fm_cyao=FMちゃお
nara_fm=なら どっと FM
fm_bingo=レディオBINGO
fm_momo=レディオ モモ
fm_onomichi=エフエムおのみち
comeon_fm=COME ON ! FM
syunan_fm=しゅうなんFM
fm_yame=FM八女
kappa_fm=Kappa FM
dreams_fm=DreamsFM
happy_fm=はっぴぃ!FM
fm_is=FM IS みらいずステーション
fm_nanami=エフエムななみ
fm_shonan=FM湘南ナパサ
iida_nishi=FM西東京
iida_musashino=FMむさしの
fm_karatsu=FMからつ
fm_watch=FM WATCH
fm_United=United North
fm_daigo=FMだいご
fm_shimada=g-sky76.5
toyama_fm=富山シティエフエム
fm_bari=エフエムラヂオバリバリ
kazusa_fm=BREEZE RADIO
sanq_fm=ラジオサンキューFM84.5
fm_wakayama=バナナエフエム
fm_kashima=エフエムかしま
umeda_fm=Be Happy!789
fm_nakashibetsu=FMはな
lcv_fm=エルシーブイFM769
fm_gotenba=富士山GOGOエフエム
